<?xml version="1.0" encoding="UTF-8"?>
<!-- Generated by org.testng.reporters.JUnitReportReporter -->
<testsuite hostname="RAVIG-WIN10" failures="0" tests="1" name="mavenforjenkins.UITest" time="17.507" errors="0" timestamp="2025-03-02T06:34:08 GMT-08:00" skipped="0">
  <testcase classname="mavenforjenkins.UITest" name="startBrowser" time="17.507"/>
</testsuite> <!-- mavenforjenkins.UITest -->
