<?xml version="1.0" encoding="UTF-8"?>
<!-- Generated by org.testng.reporters.JUnitReportReporter -->
<testsuite hostname="RAVIG-WIN10" failures="0" tests="1" name="mavenforjenkins.UITest" time="7.427" errors="0" timestamp="2025-03-02T05:58:15 GMT-08:00" skipped="0">
  <testcase classname="mavenforjenkins.UITest" name="startBrowser" time="7.427"/>
</testsuite> <!-- mavenforjenkins.UITest -->
